<?xml version="1.0" encoding="UTF-8"?>
<!-- Generated by org.testng.reporters.JUnitXMLReporter -->
<testsuite hostname="SELENIUM-PC" ignored="0" name="TestChrome" tests="3" failures="0" timestamp="24 Sep 2017 04:32:59 GMT" time="83.739" errors="0">
  <testcase name="testValidLogin" time="18.614" classname="script.ValidLogin"/>
  <testcase name="testInvalidLogin" time="8.482" classname="script.InvalidLogin"/>
  <testcase name="testVerifyProductVersion" time="25.991" classname="script.VerifyProductVersion"/>
</testsuite> <!-- TestChrome -->
