<?xml version="1.0" encoding="UTF-8"?>
<!-- Generated by org.testng.reporters.JUnitXMLReporter -->
<testsuite hostname="SELENIUM-PC" ignored="0" name="TestFireFox" tests="3" failures="0" timestamp="24 Sep 2017 04:33:17 GMT" time="101.945" errors="0">
  <testcase name="testValidLogin" time="5.953" classname="script.ValidLogin"/>
  <testcase name="testInvalidLogin" time="18.265" classname="script.InvalidLogin"/>
  <testcase name="testVerifyProductVersion" time="8.607" classname="script.VerifyProductVersion"/>
</testsuite> <!-- TestFireFox -->
